\BOOKMARK [1][-]{naslov.1}{\376\377\000N\000a\000s\000l\000o\000v}{}% 1
\BOOKMARK [1][-]{Kazalo.1}{\376\377\000K\000a\000z\000a\000l\000o}{}% 2
\BOOKMARK [1][-]{section.1}{\376\377\0001\000\040\000U\000v\000o\000d\000\040\000i\000n\000\040\000m\000o\000t\000i\000v\000a\000c\000i\000j\000a}{}% 3
\BOOKMARK [1][-]{section.2}{\376\377\0002\000\040\000O\000p\000i\000s\000\040\000s\000p\000e\000c\000i\000f\000i\000k\000a\000c\000i\000j\000\040\000I\000E\000E\000E\000\040\0008\0000\0002\000.\0001\0001}{}% 4
\BOOKMARK [1][-]{section.3}{\376\377\0003\000\040\000U\000p\000o\000r\000a\000b\000l\000j\000e\000n\000e\000\040\000k\000n\000j\000i\001\176\000n\000i\000c\000e}{}% 5
\BOOKMARK [2][-]{subsection.3.1}{\376\377\0003\000.\0001\000\040\000R\000a\000z\000p\000o\000l\000o\001\176\000l\000j\000i\000v\000i\000\040\000g\000r\000a\000d\000n\000i\000k\000i\000\040\000v\000\040\000O\000M\000N\000e\000T\000+\000+}{section.3}% 6
\BOOKMARK [2][-]{subsection.3.2}{\376\377\0003\000.\0002\000\040\000Z\000g\000l\000e\000d\000i\000\040\000o\000m\000r\000e\001\176\000i\000j\000\040\0008\0000\0002\000.\0001\0001\000\040\000v\000\040\000O\000M\000N\000e\000T\000+\000+}{section.3}% 7
\BOOKMARK [3][-]{subsubsection.3.2.1}{\376\377\0003\000.\0002\000.\0001\000\040\000P\000r\000i\000m\000e\000r\0001\000\040\000-\000\040\000L\000A\000N\000\040\0008\0000\0002\000.\0001\0001}{subsection.3.2}% 8
\BOOKMARK [3][-]{subsubsection.3.2.2}{\376\377\0003\000.\0002\000.\0002\000\040\000P\000r\000i\000m\000e\000r\0002\000\040\000-\000\040\000Q\000O\000S}{subsection.3.2}% 9
\BOOKMARK [3][-]{subsubsection.3.2.3}{\376\377\0003\000.\0002\000.\0003\000\040\000P\000r\000i\000m\000e\000r\0003\000\040\000-\000\040\000S\000y\000n\000c\000h\000r\000o\000n\000i\000z\000e\000d}{subsection.3.2}% 10
\BOOKMARK [1][-]{section.4}{\376\377\0004\000\040\000R\000e\001\141\000i\000t\000e\000v}{}% 11
\BOOKMARK [2][-]{subsection.4.1}{\376\377\0004\000.\0001\000\040\000N\000a\001\015\000r\000t\000o\000v\000a\000n\000j\000e\000\040\000o\000m\000r\000e\001\176\000i\000j}{section.4}% 12
\BOOKMARK [3][-]{subsubsection.4.1.1}{\376\377\0004\000.\0001\000.\0001\000\040\000O\000m\000r\000e\001\176\000j\000e\000\040\0001}{subsection.4.1}% 13
\BOOKMARK [3][-]{subsubsection.4.1.2}{\376\377\0004\000.\0001\000.\0002\000\040\000O\000m\000r\000e\001\176\000j\000e\000\040\0002}{subsection.4.1}% 14
\BOOKMARK [3][-]{subsubsection.4.1.3}{\376\377\0004\000.\0001\000.\0003\000\040\000O\000m\000r\000e\001\176\000j\000e\000\040\0003}{subsection.4.1}% 15
\BOOKMARK [3][-]{subsubsection.4.1.4}{\376\377\0004\000.\0001\000.\0004\000\040\000O\000m\000r\000e\001\176\000j\000e\000\040\0004}{subsection.4.1}% 16
\BOOKMARK [1][-]{section.5}{\376\377\0005\000\040\000S\000i\000m\000u\000l\000a\000c\000i\000j\000e\000\040\000i\000n\000\040\000r\000e\000z\000u\000l\000t\000a\000t\000i}{}% 17
\BOOKMARK [2][-]{subsection.5.1}{\376\377\0005\000.\0001\000\040\000O\000m\000r\000e\001\176\000j\000e\000\040\0001}{section.5}% 18
\BOOKMARK [2][-]{subsection.5.2}{\376\377\0005\000.\0002\000\040\000O\000m\000r\000e\001\176\000j\000e\000\040\0002}{section.5}% 19
\BOOKMARK [2][-]{subsection.5.3}{\376\377\0005\000.\0003\000\040\000O\000m\000r\000e\001\176\000j\000e\000\040\0003}{section.5}% 20
\BOOKMARK [3][-]{subsubsection.5.3.1}{\376\377\0005\000.\0003\000.\0001\000\040\000S\000t\000e\000k\000l\000e\000n\000a\000\040\000s\000t\000e\000n\000a}{subsection.5.3}% 21
\BOOKMARK [3][-]{subsubsection.5.3.2}{\376\377\0005\000.\0003\000.\0002\000\040\000B\000e\000t\000o\000n\000s\000k\000a\000\040\000s\000t\000e\000n\000a}{subsection.5.3}% 22
\BOOKMARK [2][-]{subsection.5.4}{\376\377\0005\000.\0004\000\040\000O\000m\000r\000e\001\176\000j\000e\000\040\0004}{section.5}% 23
\BOOKMARK [1][-]{section.6}{\376\377\0006\000\040\000Z\000a\000k\000l\000j\000u\001\015\000e\000k}{}% 24
\BOOKMARK [1][-]{section.7}{\376\377\0007\000\040\000L\000i\000t\000e\000r\000a\000t\000u\000r\000a}{}% 25
